# JRE version: OpenJDK Runtime Environment (24.0.2+12) (build 24.0.2+12)
# Java VM: OpenJDK 64-Bit Server VM (24.0.2+12, mixed mode, tiered, compressed oops, compressed class ptrs, g1 gc, windows-aarch64)
GC Precious Log:
 CardTable entry size: 512
 Card Set container configuration: InlinePtr #cards 4 size 8 Array Of Cards #cards 16 size 48 Howl #buckets 8 coarsen threshold 3686 Howl Bitmap #cards 512 size 80 coarsen threshold 460 Card regions per heap region 1 cards per card region 4096
 CPUs: 8 total, 8 available
 Memory: 15982M
 Large Page Support: Disabled
 NUMA Support: Disabled
 Compressed Oops: Enabled (Zero based)
 Heap Region Size: 2M
 Heap Min Capacity: 8M
 Heap Initial Capacity: 250M
 Heap Max Capacity: 3996M
 Pre-touch: Disabled
 Parallel Workers: 8
 Concurrent Workers: 2
 Concurrent Refinement Workers: 8
 Periodic GC: Disabled
Heap:
 garbage-first heap   total reserved 4091904K, committed 65536K, used 51801K [0x0000000706400000, 0x0000000800000000)
  region size 2048K, 9 young (18432K), 1 survivors (2048K)
 Metaspace       used 46936K, committed 47360K, reserved 1114112K
  class space    used 4926K, committed 5120K, reserved 1048576K
GC Heap History (20 events):
Event: 23.281 GC heap before
{Heap before GC invocations=12 (full 0):
 garbage-first heap   total reserved 4091904K, committed 30720K, used 26168K [0x0000000706400000, 0x0000000800000000)
  region size 2048K, 5 young (10240K), 1 survivors (2048K)
 Metaspace       used 40716K, committed 41024K, reserved 1114112K
  class space    used 4245K, committed 4352K, reserved 1048576K
}
Event: 23.286 GC heap after
{Heap after GC invocations=13 (full 0):
 garbage-first heap   total reserved 4091904K, committed 32768K, used 18855K [0x0000000706400000, 0x0000000800000000)
  region size 2048K, 1 young (2048K), 1 survivors (2048K)
 Metaspace       used 40716K, committed 41024K, reserved 1114112K
  class space    used 4245K, committed 4352K, reserved 1048576K
}
Event: 26.125 GC heap before
{Heap before GC invocations=13 (full 0):
 garbage-first heap   total reserved 4091904K, committed 32768K, used 27047K [0x0000000706400000, 0x0000000800000000)
  region size 2048K, 5 young (10240K), 1 survivors (2048K)
 Metaspace       used 41330K, committed 41664K, reserved 1114112K
  class space    used 4363K, committed 4480K, reserved 1048576K
}
Event: 26.133 GC heap after
{Heap after GC invocations=14 (full 0):
 garbage-first heap   total reserved 4091904K, committed 32768K, used 18959K [0x0000000706400000, 0x0000000800000000)
  region size 2048K, 1 young (2048K), 1 survivors (2048K)
 Metaspace       used 41330K, committed 41664K, reserved 1114112K
  class space    used 4363K, committed 4480K, reserved 1048576K
}
Event: 32.725 GC heap before
{Heap before GC invocations=15 (full 0):
 garbage-first heap   total reserved 4091904K, committed 34816K, used 25103K [0x0000000706400000, 0x0000000800000000)
  region size 2048K, 5 young (10240K), 1 survivors (2048K)
 Metaspace       used 41598K, committed 41920K, reserved 1114112K
  class space    used 4376K, committed 4480K, reserved 1048576K
}
Event: 32.729 GC heap after
{Heap after GC invocations=16 (full 0):
 garbage-first heap   total reserved 4091904K, committed 34816K, used 20042K [0x0000000706400000, 0x0000000800000000)
  region size 2048K, 1 young (2048K), 1 survivors (2048K)
 Metaspace       used 41598K, committed 41920K, reserved 1114112K
  class space    used 4376K, committed 4480K, reserved 1048576K
}
Event: 41.233 GC heap before
{Heap before GC invocations=17 (full 0):
 garbage-first heap   total reserved 4091904K, committed 59392K, used 40522K [0x0000000706400000, 0x0000000800000000)
  region size 2048K, 5 young (10240K), 1 survivors (2048K)
 Metaspace       used 41747K, committed 42048K, reserved 1114112K
  class space    used 4376K, committed 4480K, reserved 1048576K
}
Event: 41.238 GC heap after
{Heap after GC invocations=18 (full 0):
 garbage-first heap   total reserved 4091904K, committed 59392K, used 32218K [0x0000000706400000, 0x0000000800000000)
  region size 2048K, 1 young (2048K), 1 survivors (2048K)
 Metaspace       used 41747K, committed 42048K, reserved 1114112K
  class space    used 4376K, committed 4480K, reserved 1048576K
}
Event: 48.706 GC heap before
{Heap before GC invocations=18 (full 0):
 garbage-first heap   total reserved 4091904K, committed 59392K, used 50650K [0x0000000706400000, 0x0000000800000000)
  region size 2048K, 10 young (20480K), 1 survivors (2048K)
 Metaspace       used 42169K, committed 42560K, reserved 1114112K
  class space    used 4390K, committed 4544K, reserved 1048576K
}
Event: 48.712 GC heap after
{Heap after GC invocations=19 (full 0):
 garbage-first heap   total reserved 4091904K, committed 59392K, used 33743K [0x0000000706400000, 0x0000000800000000)
  region size 2048K, 2 young (4096K), 2 survivors (4096K)
 Metaspace       used 42169K, committed 42560K, reserved 1114112K
  class space    used 4390K, committed 4544K, reserved 1048576K
}
Event: 60.263 GC heap before
{Heap before GC invocations=19 (full 0):
 garbage-first heap   total reserved 4091904K, committed 59392K, used 48079K [0x0000000706400000, 0x0000000800000000)
  region size 2048K, 9 young (18432K), 2 survivors (4096K)
 Metaspace       used 42642K, committed 43072K, reserved 1114112K
  class space    used 4463K, committed 4608K, reserved 1048576K
}
Event: 60.276 GC heap after
{Heap after GC invocations=20 (full 0):
 garbage-first heap   total reserved 4091904K, committed 59392K, used 34630K [0x0000000706400000, 0x0000000800000000)
  region size 2048K, 2 young (4096K), 2 survivors (4096K)
 Metaspace       used 42642K, committed 43072K, reserved 1114112K
  class space    used 4463K, committed 4608K, reserved 1048576K
}
Event: 63.188 GC heap before
{Heap before GC invocations=21 (full 0):
 garbage-first heap   total reserved 4091904K, committed 59392K, used 46918K [0x0000000706400000, 0x0000000800000000)
  region size 2048K, 9 young (18432K), 2 survivors (4096K)
 Metaspace       used 42949K, committed 43328K, reserved 1114112K
  class space    used 4518K, committed 4672K, reserved 1048576K
}
Event: 63.200 GC heap after
{Heap after GC invocations=22 (full 0):
 garbage-first heap   total reserved 4091904K, committed 59392K, used 33724K [0x0000000706400000, 0x0000000800000000)
  region size 2048K, 2 young (4096K), 2 survivors (4096K)
 Metaspace       used 42949K, committed 43328K, reserved 1114112K
  class space    used 4518K, committed 4672K, reserved 1048576K
}
Event: 68.841 GC heap before
{Heap before GC invocations=22 (full 0):
 garbage-first heap   total reserved 4091904K, committed 59392K, used 48060K [0x0000000706400000, 0x0000000800000000)
  region size 2048K, 9 young (18432K), 2 survivors (4096K)
 Metaspace       used 43044K, committed 43392K, reserved 1114112K
  class space    used 4520K, committed 4672K, reserved 1048576K
}
Event: 68.847 GC heap after
{Heap after GC invocations=23 (full 0):
 garbage-first heap   total reserved 4091904K, committed 59392K, used 34784K [0x0000000706400000, 0x0000000800000000)
  region size 2048K, 2 young (4096K), 2 survivors (4096K)
 Metaspace       used 43044K, committed 43392K, reserved 1114112K
  class space    used 4520K, committed 4672K, reserved 1048576K
}
Event: 80.410 GC heap before
{Heap before GC invocations=23 (full 0):
 garbage-first heap   total reserved 4091904K, committed 59392K, used 47072K [0x0000000706400000, 0x0000000800000000)
  region size 2048K, 9 young (18432K), 2 survivors (4096K)
 Metaspace       used 43999K, committed 44480K, reserved 1114112K
  class space    used 4605K, committed 4800K, reserved 1048576K
}
Event: 80.417 GC heap after
{Heap after GC invocations=24 (full 0):
 garbage-first heap   total reserved 4091904K, committed 59392K, used 37546K [0x0000000706400000, 0x0000000800000000)
  region size 2048K, 2 young (4096K), 2 survivors (4096K)
 Metaspace       used 43999K, committed 44480K, reserved 1114112K
  class space    used 4605K, committed 4800K, reserved 1048576K
}
Event: 80.963 GC heap before
{Heap before GC invocations=25 (full 0):
 garbage-first heap   total reserved 4091904K, committed 65536K, used 47786K [0x0000000706400000, 0x0000000800000000)
  region size 2048K, 8 young (16384K), 2 survivors (4096K)
 Metaspace       used 46254K, committed 46720K, reserved 1114112K
  class space    used 4862K, committed 5056K, reserved 1048576K
}
Event: 80.968 GC heap after
{Heap after GC invocations=26 (full 0):
 garbage-first heap   total reserved 4091904K, committed 65536K, used 37465K [0x0000000706400000, 0x0000000800000000)
  region size 2048K, 1 young (2048K), 1 survivors (2048K)
 Metaspace       used 46254K, committed 46720K, reserved 1114112K
  class space    used 4862K, committed 5056K, reserved 1048576K
}

